<?xml version="1.0" encoding="UTF-8"?>
<!-- Generated by org.testng.reporters.JUnitXMLReporter -->
<testsuite ignored="0" hostname="suba-pc" failures="0" tests="9" name="Test" time="94.431" errors="0" timestamp="2023-05-30T14:45:42 EDT">
  <testcase classname="com.Orange.HrmTest.MyInfoPageTest" name="myInfoTest" time="2.134"/>
  <testcase classname="com.Orange.HrmTest.MyInfoPageTest" name="contactDetailsClick" time="4.501"/>
  <testcase classname="com.Orange.HrmTest.LoginPageTest" name="loginTest" time="2.497"/>
  <testcase classname="com.Orange.HrmTest.IndexPageTest" name="orangeHrm_Logo" time="3.204"/>
  <testcase classname="com.Orange.HrmTest.IndexPageTest" name="adminTabClick" time="5.383"/>
  <testcase classname="com.Orange.HrmTest.IndexPageTest" name="titleCheck" time="0.066"/>
  <testcase classname="com.Orange.HrmTest.IndexPageTest" name="urlCheck" time="0.042"/>
  <testcase classname="com.Orange.HrmTest.ContactDetailsPageTest" name="contact_Entry" time="27.23"/>
  <testcase classname="com.Orange.HrmTest.ContactDetailsPageTest" name="pop_up" time="0.078"/>
</testsuite> <!-- Test -->
